<?xml version="1.0" encoding="UTF-8"?>
<!-- Generated by org.testng.reporters.JUnitReportReporter -->
<testsuite hostname="DESKTOP-EFL62U4" failures="0" tests="1" name="TestCase.TS9_TC00CashDrawer" time="19.858" errors="0" timestamp="2021-01-31T16:24:39 EET" skipped="0">
  <testcase classname="TestCase.TS9_TC00CashDrawer" name="TC_7_Add_expenses_voucher_VAT_Functioanlity" time="19.858"/>
  <system-out/>
</testsuite> <!-- TestCase.TS9_TC00CashDrawer -->
