<?xml version="1.0" encoding="UTF-8"?>
<!-- Generated by org.testng.reporters.JUnitReportReporter -->
<testsuite hostname="DESKTOP-EFL62U4" failures="0" tests="1" name="TestCase.TS2_TC07SupportTickets" time="41.712" errors="0" timestamp="2020-12-14T12:05:17 EET" skipped="0">
  <testcase classname="TestCase.TS2_TC07SupportTickets" name="CancelTicket" time="41.712"/>
  <system-out/>
</testsuite> <!-- TestCase.TS2_TC07SupportTickets -->
