<?xml version="1.0" encoding="UTF-8"?>
<!-- Generated by org.testng.reporters.JUnitReportReporter -->
<testsuite hostname="DESKTOP-EFL62U4" failures="0" tests="1" name="TestCase.TS0_TC01_VerifyUsersRules" time="16.519" errors="0" timestamp="2020-10-10T16:14:02 EET" skipped="0">
  <testcase classname="TestCase.TS0_TC01_VerifyUsersRules" name="VerifyUsersRules" time="16.519"/>
  <system-out/>
</testsuite> <!-- TestCase.TS0_TC01_VerifyUsersRules -->
