<?xml version="1.0" encoding="UTF-8"?>
<!-- Generated by org.testng.reporters.JUnitReportReporter -->
<testsuite skipped="0" hostname="DESKTOP-QLSV19P" name="TestCase.vodafoneTask" tests="3" failures="0" timestamp="2021-03-13T23:46:02 EET" time="48.128" errors="0">
  <testcase name="VerifyLogin_" time="4.685" classname="TestCase.vodafoneTask"/>
  <system-out/>
  <testcase name="VerifyCartCheckOut" time="28.260" classname="TestCase.vodafoneTask"/>
  <system-out/>
  <testcase name="VerifyregistrationForm" time="15.183" classname="TestCase.vodafoneTask"/>
  <system-out/>
</testsuite> <!-- TestCase.vodafoneTask -->
