<?xml version="1.0" encoding="UTF-8"?>
<!-- Generated by org.testng.reporters.JUnitReportReporter -->
<testsuite hostname="DESKTOP-EFL62U4" failures="0" tests="1" name="TestCase.TS0_TC03_EmployeeUserType" time="28.075" errors="0" timestamp="2020-10-12T16:08:24 EET" skipped="0">
  <testcase classname="TestCase.TS0_TC03_EmployeeUserType" name="VerifyUsersRules" time="28.075"/>
  <system-out/>
</testsuite> <!-- TestCase.TS0_TC03_EmployeeUserType -->
