<?xml version="1.0" encoding="UTF-8"?>
<!-- Generated by org.testng.reporters.JUnitReportReporter -->
<testsuite hostname="DESKTOP-EFL62U4" failures="0" tests="1" name="TestCase.TS0_TC01_AdminUserType" time="28.755" errors="0" timestamp="2020-10-18T10:45:16 EET" skipped="0">
  <testcase classname="TestCase.TS0_TC01_AdminUserType" name="VerifyUsersRules" time="28.755"/>
  <system-out/>
</testsuite> <!-- TestCase.TS0_TC01_AdminUserType -->
