<?xml version="1.0" encoding="UTF-8"?>
<!-- Generated by org.testng.reporters.JUnitReportReporter -->
<testsuite hostname="DESKTOP-EFL62U4" failures="0" tests="1" name="TestCase.TS1_TC07SupportTickets" time="17.892" errors="0" timestamp="2020-12-14T11:15:23 EET" skipped="0">
  <testcase classname="TestCase.TS1_TC07SupportTickets" name="ADD_NEWTICKET" time="17.892"/>
  <system-out/>
</testsuite> <!-- TestCase.TS1_TC07SupportTickets -->
