<?xml version="1.0" encoding="UTF-8"?>
<!-- Generated by org.testng.reporters.JUnitReportReporter -->
<testsuite hostname="DESKTOP-EFL62U4" failures="0" tests="1" name="TestCase.TS3_TC07SupportCenter" time="34.663" errors="0" timestamp="2020-12-14T16:30:56 EET" skipped="0">
  <testcase classname="TestCase.TS3_TC07SupportCenter" name="VerfiyAssignmentAndPriotites" time="34.663"/>
  <system-out/>
</testsuite> <!-- TestCase.TS3_TC07SupportCenter -->
